<?xml version="1.0" encoding="UTF-8"?>
<!-- Generated by org.testng.reporters.JUnitXMLReporter -->
<testsuite hostname="Kannapi" ignored="3" tests="0" failures="0" timestamp="11 Nov 2022 02:24:37 GMT" time="8.393" errors="0">
  <testcase name="checkTextColor" time="0.0" classname="com.obsqura.selenium.TestNGSample.CheckBackgroundColor">
    <ignored/>
  </testcase> <!-- checkTextColor -->
  <testcase name="checkBgColor" time="0.0" classname="com.obsqura.selenium.TestNGSample.CheckBackgroundColor">
    <ignored/>
  </testcase> <!-- checkBgColor -->
  <testcase name="compareLocation" time="0.0" classname="com.obsqura.selenium.TestNGSample.CheckBackgroundColor">
    <ignored/>
  </testcase> <!-- compareLocation -->
</testsuite>
