<?xml version="1.0" encoding="UTF-8"?>
<testng-results skipped="0" failed="0" ignored="0" total="0" passed="0">
  <reporter-output>
  </reporter-output>
  <suite name="Suite" duration-ms="253" started-at="2022-11-16T20:50:51Z" finished-at="2022-11-16T20:50:51Z">
    <groups>
    </groups>
    <test name="Test" duration-ms="253" started-at="2022-11-16T20:50:51Z" finished-at="2022-11-16T20:50:51Z">
      <class name="com.obsqura.selenium.TestNGSample.TestNGAnnotations">
        <test-method status="PASS" signature="initialiseBrowser()[pri:0, instance:com.obsqura.selenium.TestNGSample.TestNGAnnotations@6500df86]" name="initialiseBrowser" is-config="true" duration-ms="6674" started-at="2022-11-17T02:20:44Z" finished-at="2022-11-17T02:20:51Z">
          <reporter-output>
          </reporter-output>
        </test-method> <!-- initialiseBrowser -->
        <test-method status="PASS" signature="beforeTest()[pri:0, instance:com.obsqura.selenium.TestNGSample.TestNGAnnotations@6500df86]" name="beforeTest" is-config="true" duration-ms="148" started-at="2022-11-17T02:20:51Z" finished-at="2022-11-17T02:20:51Z">
          <reporter-output>
          </reporter-output>
        </test-method> <!-- beforeTest -->
        <test-method status="PASS" signature="afterTest()[pri:0, instance:com.obsqura.selenium.TestNGSample.TestNGAnnotations@6500df86]" name="afterTest" is-config="true" duration-ms="83" started-at="2022-11-17T02:20:51Z" finished-at="2022-11-17T02:20:51Z">
          <reporter-output>
          </reporter-output>
        </test-method> <!-- afterTest -->
        <test-method status="PASS" signature="afterSuite()[pri:0, instance:com.obsqura.selenium.TestNGSample.TestNGAnnotations@6500df86]" name="afterSuite" is-config="true" duration-ms="187" started-at="2022-11-17T02:20:51Z" finished-at="2022-11-17T02:20:51Z">
          <reporter-output>
          </reporter-output>
        </test-method> <!-- afterSuite -->
      </class> <!-- com.obsqura.selenium.TestNGSample.TestNGAnnotations -->
    </test> <!-- Test -->
  </suite> <!-- Suite -->
</testng-results>
