<?xml version="1.0" encoding="UTF-8"?>
<!-- Generated by org.testng.reporters.JUnitXMLReporter -->
<testsuite hostname="Kannapi" ignored="0" name="Default test" tests="2" failures="0" timestamp="22 Nov 2022 17:41:39 GMT" time="149.523" errors="0">
  <testcase name="printAllElement" time="0.858" classname="homeWork.SelectAustraliaFromDropdownTutorialsPointSite"/>
  <testcase name="selectAustralia" time="0.43" classname="homeWork.SelectAustraliaFromDropdownTutorialsPointSite"/>
</testsuite> <!-- Default test -->
